[     116ms] [ERROR] SyntaxError: Invalid linked format
    at zn (http://localhost/assets/index-BHRFKLJz.js:30:2267)
    at f (http://localhost/assets/index-BHRFKLJz.js:31:1013)
    at k (http://localhost/assets/index-BHRFKLJz.js:31:6779)
    at G (http://localhost/assets/index-BHRFKLJz.js:31:6940)
    at Object.W [as nextToken] (http://localhost/assets/index-BHRFKLJz.js:31:7480)
    at O (http://localhost/assets/index-BHRFKLJz.js:31:9461)
    at b (http://localhost/assets/index-BHRFKLJz.js:31:11184)
    at T (http://localhost/assets/index-BHRFKLJz.js:31:11767)
    at Object.N [as parse] (http://localhost/assets/index-BHRFKLJz.js:31:11930)
    at $m (http://localhost/assets/index-BHRFKLJz.js:32:518) @ http://localhost/assets/index-BHRFKLJz.js:13
[   20941ms] [ERROR] SyntaxError: Invalid linked format
    at zn (http://localhost/assets/index-BHRFKLJz.js:30:2267)
    at f (http://localhost/assets/index-BHRFKLJz.js:31:1013)
    at k (http://localhost/assets/index-BHRFKLJz.js:31:6779)
    at G (http://localhost/assets/index-BHRFKLJz.js:31:6940)
    at Object.W [as nextToken] (http://localhost/assets/index-BHRFKLJz.js:31:7480)
    at O (http://localhost/assets/index-BHRFKLJz.js:31:9461)
    at b (http://localhost/assets/index-BHRFKLJz.js:31:11184)
    at T (http://localhost/assets/index-BHRFKLJz.js:31:11767)
    at Object.N [as parse] (http://localhost/assets/index-BHRFKLJz.js:31:11930)
    at $m (http://localhost/assets/index-BHRFKLJz.js:32:518) @ http://localhost/assets/index-BHRFKLJz.js:13
[   34267ms] [ERROR] SyntaxError: Invalid linked format
    at zn (http://localhost/assets/index-BHRFKLJz.js:30:2267)
    at f (http://localhost/assets/index-BHRFKLJz.js:31:1013)
    at k (http://localhost/assets/index-BHRFKLJz.js:31:6779)
    at G (http://localhost/assets/index-BHRFKLJz.js:31:6940)
    at Object.W [as nextToken] (http://localhost/assets/index-BHRFKLJz.js:31:7480)
    at O (http://localhost/assets/index-BHRFKLJz.js:31:9461)
    at b (http://localhost/assets/index-BHRFKLJz.js:31:11184)
    at T (http://localhost/assets/index-BHRFKLJz.js:31:11767)
    at Object.N [as parse] (http://localhost/assets/index-BHRFKLJz.js:31:11930)
    at $m (http://localhost/assets/index-BHRFKLJz.js:32:518) @ http://localhost/assets/index-BHRFKLJz.js:13
[   34490ms] [ERROR] SyntaxError: Invalid linked format
    at zn (http://localhost/assets/index-BHRFKLJz.js:30:2267)
    at f (http://localhost/assets/index-BHRFKLJz.js:31:1013)
    at k (http://localhost/assets/index-BHRFKLJz.js:31:6779)
    at G (http://localhost/assets/index-BHRFKLJz.js:31:6940)
    at Object.W [as nextToken] (http://localhost/assets/index-BHRFKLJz.js:31:7480)
    at O (http://localhost/assets/index-BHRFKLJz.js:31:9461)
    at b (http://localhost/assets/index-BHRFKLJz.js:31:11184)
    at T (http://localhost/assets/index-BHRFKLJz.js:31:11767)
    at Object.N [as parse] (http://localhost/assets/index-BHRFKLJz.js:31:11930)
    at $m (http://localhost/assets/index-BHRFKLJz.js:32:518) @ http://localhost/assets/index-BHRFKLJz.js:13
[   37297ms] [ERROR] SyntaxError: Invalid linked format
    at zn (http://localhost/assets/index-BHRFKLJz.js:30:2267)
    at f (http://localhost/assets/index-BHRFKLJz.js:31:1013)
    at k (http://localhost/assets/index-BHRFKLJz.js:31:6779)
    at G (http://localhost/assets/index-BHRFKLJz.js:31:6940)
    at Object.W [as nextToken] (http://localhost/assets/index-BHRFKLJz.js:31:7480)
    at O (http://localhost/assets/index-BHRFKLJz.js:31:9461)
    at b (http://localhost/assets/index-BHRFKLJz.js:31:11184)
    at T (http://localhost/assets/index-BHRFKLJz.js:31:11767)
    at Object.N [as parse] (http://localhost/assets/index-BHRFKLJz.js:31:11930)
    at $m (http://localhost/assets/index-BHRFKLJz.js:32:518) @ http://localhost/assets/index-BHRFKLJz.js:13
